<?xml version="1.0" encoding="UTF-8"?>
<!-- Generated by org.testng.reporters.JUnitXMLReporter -->
<testsuite hostname="LAPTOP-3AF0489H" ignored="3" name="Command line test" tests="1" failures="0" timestamp="29 Oct 2019 12:33:51 GMT" time="46.826" errors="0">
  <testcase name="orderCreationUAE" time="35.666" classname="basicflow.OrderCreationTest"/>
  <testcase name="orderCreationSaudi" time="0.0" classname="basicflow.OrderCreationTest">
    <ignored/>
  </testcase> <!-- orderCreationSaudi -->
  <testcase name="@AfterSuite writeReport" time="0.0" classname="basicflow.TestBase">
    <ignored/>
  </testcase> <!-- @AfterSuite writeReport -->
  <testcase name="@BeforeSuite initSuite" time="0.0" classname="basicflow.TestBase">
    <ignored/>
  </testcase> <!-- @BeforeSuite initSuite -->
</testsuite> <!-- Command line test -->
