<?xml version="1.0" encoding="UTF-8"?>
<testng-results skipped="0" failed="0" ignored="0" total="1" passed="1">
  <reporter-output>
  </reporter-output>
  <suite name="Suite" duration-ms="42357" started-at="2019-11-25T06:33:03Z" finished-at="2019-11-25T06:33:45Z">
    <groups>
    </groups>
    <test name="Test" duration-ms="42357" started-at="2019-11-25T06:33:03Z" finished-at="2019-11-25T06:33:45Z">
      <class name="basicflow.OrderCreationTest">
        <test-method status="PASS" signature="initSuite()[pri:0, instance:basicflow.OrderCreationTest@54a097cc]" name="initSuite" is-config="true" duration-ms="110" started-at="2019-11-25T06:33:02Z" finished-at="2019-11-25T06:33:03Z">
          <reporter-output>
          </reporter-output>
        </test-method> <!-- initSuite -->
        <test-method status="PASS" signature="initTest(java.lang.reflect.Method)[pri:0, instance:basicflow.OrderCreationTest@54a097cc]" name="initTest" is-config="true" duration-ms="6608" started-at="2019-11-25T06:33:03Z" finished-at="2019-11-25T06:33:09Z">
          <params>
            <param index="0">
              <value>
                <![CDATA[public void basicflow.OrderCreationTest.orderCreationUAE() throws java.lang.InterruptedException]]>
              </value>
            </param>
          </params>
          <reporter-output>
          </reporter-output>
        </test-method> <!-- initTest -->
        <test-method status="PASS" signature="orderCreationUAE()[pri:0, instance:basicflow.OrderCreationTest@54a097cc]" name="orderCreationUAE" duration-ms="34695" started-at="2019-11-25T06:33:09Z" finished-at="2019-11-25T06:33:44Z">
          <reporter-output>
          </reporter-output>
        </test-method> <!-- orderCreationUAE -->
        <test-method status="PASS" signature="tearDown()[pri:0, instance:basicflow.OrderCreationTest@54a097cc]" name="tearDown" is-config="true" duration-ms="1053" started-at="2019-11-25T06:33:44Z" finished-at="2019-11-25T06:33:45Z">
          <reporter-output>
          </reporter-output>
        </test-method> <!-- tearDown -->
        <test-method status="PASS" signature="writeReport()[pri:0, instance:basicflow.OrderCreationTest@54a097cc]" name="writeReport" is-config="true" duration-ms="219" started-at="2019-11-25T06:33:45Z" finished-at="2019-11-25T06:33:45Z">
          <reporter-output>
          </reporter-output>
        </test-method> <!-- writeReport -->
      </class> <!-- basicflow.OrderCreationTest -->
    </test> <!-- Test -->
  </suite> <!-- Suite -->
</testng-results>
